<?xml version="1.0" encoding="UTF-8"?>
<!-- Generated by org.testng.reporters.JUnitReportReporter -->
<testsuite hostname="Users-MacBook-Air.local" failures="0" tests="1" name="cucumber_options.TestNG_testrunner_app" time="632.092" errors="0" timestamp="2024-10-08T20:45:08 IST" skipped="0">
  <testcase classname="cucumber_options.TestNG_testrunner_app" name="runScenario" time="632.092"/>
  <system-out/>
</testsuite> <!-- cucumber_options.TestNG_testrunner_app -->
