<?xml version="1.0" encoding="UTF-8"?>
<!-- Generated by org.testng.reporters.JUnitReportReporter -->
<testsuite hostname="MaheshSingh-Hp-pavilion-Windows" failures="0" tests="2" name="cucumberoptions.testrunner" time="17.298" errors="0" timestamp="2022-12-07T19:17:43 IST" skipped="0">
  <testcase classname="cucumberoptions.testrunner" name="runScenario" time="10.742"/>
  <system-out/>
  <testcase classname="cucumberoptions.testrunner" name="runScenario" time="6.556"/>
  <system-out/>
</testsuite> <!-- cucumberoptions.testrunner -->
