<?xml version="1.0" encoding="UTF-8"?>
<!-- Generated by org.testng.reporters.JUnitReportReporter -->
<testsuite hostname="Mahesh-Singh-MacBook.local" failures="0" tests="1" name="cucumber_options.TestNG_testrunner_web" time="23.903" errors="0" timestamp="2023-04-09T16:52:21 IST" skipped="0">
  <testcase classname="cucumber_options.TestNG_testrunner_web" name="runScenario" time="23.903"/>
  <system-out/>
</testsuite> <!-- cucumber_options.TestNG_testrunner_web -->
